#
# An unexpected error has been detected by Java Runtime Environment:
#
#  EXCEPTION_FLT_STACK_CHECK (0xc0000092) at pc=0x00c5d2a9, pid=2352, tid=3040
#
# Java VM: Java HotSpot(TM) Client VM (1.6.0_03-b05 mixed mode)
# Problematic frame:
# v  ~RuntimeStub::resolve_static_call
#
# If you would like to submit a bug report, please visit:
#   http://java.sun.com/webapps/bugreport/crash.jsp
#

---------------  T H R E A D  ---------------

Current thread (0x008d6000):  JavaThread "main" [_thread_in_Java, id=3040]

siginfo: ExceptionCode=0xc0000092, ExceptionInformation=0x00000000 0x0012ee44 

Registers:
EAX=0x2002b568, EBX=0x00000000, ECX=0x00000049, EDX=0x1003e668
ESP=0x0012edd8, EBP=0x0012eee8, ESI=0x00000000, EDI=0x00000049
EIP=0x00c5d2a9, EFLAGS=0x00010216

Top of Stack: (sp=0x0012edd8)
0x0012edd8:   ffff1272 ffff0022 ffffffff 6d985fa7
0x0012ede8:   011c001b 0012ef00 ffff0023 26720000
0x0012edf8:   eaf6606a 48004001 ab62b5dc 4003bad2
0x0012ee08:   53af7000 de984995 08004005 44352617
0x0012ee18:   4009fe73 e2ddd000 b145ece7 0000400c
0x0012ee28:   a5680000 4005c7fc 00000000 c0000000
0x0012ee38:   00004001 00000000 00000000 6d7d80f6
0x0012ee48:   008d6000 000000bd 008d6000 008d5440 

Instructions: (pc=0x00c5d2a9)
0x00c5d299:   00 00 83 ec 6c dd 34 24 9b dd 24 24 dd 5c 24 6c
0x00c5d2a9:   dd 5c 24 74 dd 5c 24 7c dd 9c 24 84 00 00 00 dd 


Stack: [0x00030000,0x00130000),  sp=0x0012edd8,  free space=1019k
Native frames: (J=compiled Java code, j=interpreted, Vv=VM code, C=native code)
v  ~RuntimeStub::resolve_static_call
J  java.lang.String.toLowerCase(Ljava/util/Locale;)Ljava/lang/String;
j  java.security.Provider$UString.<init>(Ljava/lang/String;)V+14
j  java.security.Provider$Service.addAttribute(Ljava/lang/String;Ljava/lang/String;)V+34
j  java.security.Provider.parseLegacyPut(Ljava/lang/String;Ljava/lang/String;)V+453
j  java.security.Provider.ensureLegacyParsed()V+103
j  java.security.Provider.getService(Ljava/lang/String;Ljava/lang/String;)Ljava/security/Provider$Service;+64
j  sun.security.jca.ProviderList.getService(Ljava/lang/String;Ljava/lang/String;)Ljava/security/Provider$Service;+22
j  sun.security.jca.GetInstance.getInstance(Ljava/lang/String;Ljava/lang/Class;Ljava/lang/String;)Lsun/security/jca/GetInstance$Instance;+7
j  java.security.cert.CertificateFactory.getInstance(Ljava/lang/String;)Ljava/security/cert/CertificateFactory;+6
j  sun.security.pkcs.PKCS7.parseSignedData(Lsun/security/util/DerValue;)V+131
j  sun.security.pkcs.PKCS7.parse(Lsun/security/util/DerInputStream;Z)V+47
j  sun.security.pkcs.PKCS7.parse(Lsun/security/util/DerInputStream;)V+11
j  sun.security.pkcs.PKCS7.<init>([B)V+50
j  sun.security.util.SignatureFileVerifier.<init>(Ljava/util/ArrayList;Lsun/security/util/ManifestDigester;Ljava/lang/String;[B)V+29
j  java.util.jar.JarVerifier.processEntry(Lsun/security/util/ManifestEntryVerifier;)V+307
j  java.util.jar.JarVerifier.update(I[BIILsun/security/util/ManifestEntryVerifier;)V+39
j  java.util.jar.JarFile.initializeVerifier()V+107
j  java.util.jar.JarFile.getInputStream(Ljava/util/zip/ZipEntry;)Ljava/io/InputStream;+25
j  sun.misc.URLClassPath$JarLoader$2.getInputStream()Ljava/io/InputStream;+11
j  sun.misc.Resource.cachedInputStream()Ljava/io/InputStream;+9
j  sun.misc.Resource.getByteBuffer()Ljava/nio/ByteBuffer;+1
j  java.net.URLClassLoader.defineClass(Ljava/lang/String;Lsun/misc/Resource;)Ljava/lang/Class;+179
j  java.net.URLClassLoader.access$000(Ljava/net/URLClassLoader;Ljava/lang/String;Lsun/misc/Resource;)Ljava/lang/Class;+3
j  java.net.URLClassLoader$1.run()Ljava/lang/Object;+43
v  ~StubRoutines::call_stub


---------------  P R O C E S S  ---------------

Java Threads: ( => current thread )
  0x02f5b400 JavaThread "Low Memory Detector" daemon [_thread_blocked, id=3424]
  0x02f56800 JavaThread "CompilerThread0" daemon [_thread_blocked, id=3152]
  0x02f55400 JavaThread "Attach Listener" daemon [_thread_blocked, id=3148]
  0x02f54800 JavaThread "Signal Dispatcher" daemon [_thread_blocked, id=3720]
  0x02f46800 JavaThread "Finalizer" daemon [_thread_blocked, id=1212]
  0x02f42400 JavaThread "Reference Handler" daemon [_thread_blocked, id=3788]
=>0x008d6000 JavaThread "main" [_thread_in_Java, id=3040]

Other Threads:
  0x02f3dc00 VMThread [id=1824]
  0x02f66000 WatcherThread [id=1416]

VM state:not at safepoint (normal execution)

VM Mutex/Monitor currently owned by a thread: None

Heap
 def new generation   total 2880K, used 375K [0x10020000, 0x10330000, 0x113d0000)
  eden
[error occurred during error reporting, step 190, id 0xc0000092]

Dynamic libraries:
0x00400000 - 0x0040d000 	G:\Autre - Projets\Eclipse\eclipse.exe
0x7c910000 - 0x7c9c7000 	C:\WINDOWS\system32\ntdll.dll
0x7c800000 - 0x7c905000 	C:\WINDOWS\system32\kernel32.dll
0x7e390000 - 0x7e420000 	C:\WINDOWS\system32\USER32.dll
0x77ef0000 - 0x77f37000 	C:\WINDOWS\system32\GDI32.dll
0x58b50000 - 0x58bea000 	C:\WINDOWS\system32\COMCTL32.dll
0x77da0000 - 0x77e4c000 	C:\WINDOWS\system32\ADVAPI32.dll
0x77e50000 - 0x77ee2000 	C:\WINDOWS\system32\RPCRT4.dll
0x77fc0000 - 0x77fd1000 	C:\WINDOWS\system32\Secur32.dll
0x77be0000 - 0x77c38000 	C:\WINDOWS\system32\MSVCRT.dll
0x76320000 - 0x7633d000 	C:\WINDOWS\system32\IMM32.DLL
0x00890000 - 0x008cd000 	C:\PROGRA~1\Launcher\ToroHaspHooker.dll
0x44400000 - 0x44423000 	C:\WINDOWS\system32\MADCHOOK.DLL
0x770e0000 - 0x7716b000 	C:\WINDOWS\system32\oleaut32.dll
0x774a0000 - 0x775dd000 	C:\WINDOWS\system32\ole32.dll
0x10000000 - 0x10011000 	G:\Autre - Projets\Eclipse\plugins\org.eclipse.equinox.launcher.win32.win32.x86_1.0.0.v20070523\eclipse_1017a.dll
0x77bd0000 - 0x77bd8000 	C:\WINDOWS\system32\VERSION.dll
0x5b090000 - 0x5b0c8000 	C:\WINDOWS\system32\uxtheme.dll
0x74690000 - 0x746dc000 	C:\WINDOWS\system32\MSCTF.dll
0x75140000 - 0x7516e000 	C:\WINDOWS\system32\msctfime.ime
0x6d7c0000 - 0x6da0a000 	C:\Program Files\Java\jre1.6.0_03\bin\client\jvm.dll
0x76ae0000 - 0x76b0f000 	C:\WINDOWS\system32\WINMM.dll
0x7c340000 - 0x7c396000 	C:\WINDOWS\system32\MSVCR71.dll
0x6d310000 - 0x6d318000 	C:\Program Files\Java\jre1.6.0_03\bin\hpi.dll
0x76ba0000 - 0x76bab000 	C:\WINDOWS\system32\PSAPI.DLL
0x6d770000 - 0x6d77c000 	C:\Program Files\Java\jre1.6.0_03\bin\verify.dll
0x6d3b0000 - 0x6d3cf000 	C:\Program Files\Java\jre1.6.0_03\bin\java.dll
0x6d7b0000 - 0x6d7bf000 	C:\Program Files\Java\jre1.6.0_03\bin\zip.dll

VM Arguments:
jvm_args: -Xms40m -Xmx256m -XX:MaxPermSize=256m
java_command: <unknown>
Launcher Type: generic

Environment Variables:
PATH=C:\Program Files\Java\jre1.6.0_03\bin\client;C:\Program Files\Java\jre1.6.0_03\bin;C:\WINDOWS\system32;C:\WINDOWS;C:\WINDOWS\System32\Wbem;C:\Program Files\Fichiers communs\Adobe\AGL;C:\Program Files\Microsoft SQL Server\90\Tools\binn\;C:\Program Files\Fichiers communs\Autodesk Shared\;C:\Program Files\Autodesk\backburner\
USERNAME=Administrateur
OS=Windows_NT
PROCESSOR_IDENTIFIER=x86 Family 6 Model 15 Stepping 11, GenuineIntel



---------------  S Y S T E M  ---------------

OS: Windows XP Build 2600 Service Pack 2

CPU:total 2 (2 cores per cpu, 1 threads per core) family 6 model 15 stepping 11, cmov, cx8, fxsr, mmx, sse, sse2, sse3, ssse3

Memory: 4k page, physical 2096620k(1494864k free), swap 3515696k(3018624k free)

vm_info: Java HotSpot(TM) Client VM (1.6.0_03-b05) for windows-x86, built on Sep 24 2007 22:24:33 by "java_re" with unknown MS VC++:1310

